<?xml version="1.0" encoding="UTF-8"?>
<!-- Generated by org.testng.reporters.JUnitXMLReporter -->
<testsuite ignored="0" hostname="DESKTOP-VKVQ7H7" failures="1" tests="1" name="LoginTests" time="7.972" errors="0" timestamp="2025-02-26T22:09:01 CET">
  <testcase classname="tests.LoginTest" name="testValidLogin" time="1.133">
    <failure type="java.lang.AssertionError" message="expected [nopCommerce demo store. Login] but found [Un instant…]">
      <![CDATA[java.lang.AssertionError: expected [nopCommerce demo store. Login] but found [Un instant…]
at tests.LoginTest.testValidLogin(LoginTest.java:20)
at java.base/java.util.ArrayList.forEach(ArrayList.java:1596)
... Removed 31 stack frames]]>
    </failure>
  </testcase> <!-- testValidLogin -->
</testsuite> <!-- LoginTests -->
